[09-Dec-2019 17:58:28 America/New_York] PHP Deprecated:  Function AMQPQueue::declare() is deprecated in /var/www/sample/rabbitMQLib.inc on line 215
[09-Dec-2019 17:58:53 America/New_York] PHP Deprecated:  Function AMQPQueue::declare() is deprecated in /var/www/sample/rabbitMQLib.inc on line 215
[09-Dec-2019 18:00:58 America/New_York] PHP Deprecated:  Function AMQPQueue::declare() is deprecated in /var/www/sample/rabbitMQLib.inc on line 215
[14-Dec-2019 13:41:45 America/New_York] PHP Deprecated:  Function AMQPQueue::declare() is deprecated in /var/www/sample/rabbitMQLib.inc on line 215
[14-Dec-2019 14:00:24 America/New_York] PHP Deprecated:  Function AMQPQueue::declare() is deprecated in /var/www/sample/rabbitMQLib.inc on line 215
[14-Dec-2019 14:49:15 America/New_York] PHP Deprecated:  Function AMQPQueue::declare() is deprecated in /var/www/sample/rabbitMQLib.inc on line 215
[14-Dec-2019 15:00:35 America/New_York] PHP Notice:  Undefined index: username in /var/www/sample/register.php on line 10
[14-Dec-2019 15:00:35 America/New_York] PHP Notice:  Undefined index: password in /var/www/sample/register.php on line 11
[14-Dec-2019 15:00:35 America/New_York] PHP Notice:  Undefined index: email in /var/www/sample/register.php on line 12
[14-Dec-2019 15:00:35 America/New_York] PHP Notice:  Undefined index: firstname in /var/www/sample/register.php on line 13
[14-Dec-2019 15:00:35 America/New_York] PHP Notice:  Undefined index: lastname in /var/www/sample/register.php on line 14
[14-Dec-2019 15:00:35 America/New_York] PHP Deprecated:  Function AMQPQueue::declare() is deprecated in /var/www/sample/rabbitMQLib.inc on line 215
[14-Dec-2019 15:00:36 America/New_York] PHP Notice:  Undefined index: username in /var/www/sample/register.php on line 10
[14-Dec-2019 15:00:36 America/New_York] PHP Notice:  Undefined index: password in /var/www/sample/register.php on line 11
[14-Dec-2019 15:00:36 America/New_York] PHP Notice:  Undefined index: email in /var/www/sample/register.php on line 12
[14-Dec-2019 15:00:36 America/New_York] PHP Notice:  Undefined index: firstname in /var/www/sample/register.php on line 13
[14-Dec-2019 15:00:36 America/New_York] PHP Notice:  Undefined index: lastname in /var/www/sample/register.php on line 14
[14-Dec-2019 15:00:36 America/New_York] PHP Deprecated:  Function AMQPQueue::declare() is deprecated in /var/www/sample/rabbitMQLib.inc on line 215
[14-Dec-2019 15:00:37 America/New_York] PHP Notice:  Undefined index: username in /var/www/sample/register.php on line 10
[14-Dec-2019 15:00:37 America/New_York] PHP Notice:  Undefined index: password in /var/www/sample/register.php on line 11
[14-Dec-2019 15:00:37 America/New_York] PHP Notice:  Undefined index: email in /var/www/sample/register.php on line 12
[14-Dec-2019 15:00:37 America/New_York] PHP Notice:  Undefined index: firstname in /var/www/sample/register.php on line 13
[14-Dec-2019 15:00:37 America/New_York] PHP Notice:  Undefined index: lastname in /var/www/sample/register.php on line 14
[14-Dec-2019 15:00:37 America/New_York] PHP Deprecated:  Function AMQPQueue::declare() is deprecated in /var/www/sample/rabbitMQLib.inc on line 215
[14-Dec-2019 15:01:11 America/New_York] PHP Deprecated:  Function AMQPQueue::declare() is deprecated in /var/www/sample/rabbitMQLib.inc on line 215
[14-Dec-2019 15:01:47 America/New_York] PHP Deprecated:  Function AMQPQueue::declare() is deprecated in /var/www/sample/rabbitMQLib.inc on line 215
[14-Dec-2019 15:02:14 America/New_York] PHP Deprecated:  Function AMQPQueue::declare() is deprecated in /var/www/sample/rabbitMQLib.inc on line 215
[14-Dec-2019 17:13:26 America/New_York] PHP Notice:  Undefined index: meals in /var/www/sample/home.php on line 84
[15-Dec-2019 23:12:22 America/New_York] PHP Deprecated:  Function AMQPQueue::declare() is deprecated in /var/www/sample/rabbitMQLib.inc on line 215
[15-Dec-2019 23:14:25 America/New_York] PHP Deprecated:  Function AMQPQueue::declare() is deprecated in /var/www/sample/rabbitMQLib.inc on line 215
[15-Dec-2019 23:16:16 America/New_York] PHP Deprecated:  Function AMQPQueue::declare() is deprecated in /var/www/sample/rabbitMQLib.inc on line 215
[15-Dec-2019 23:16:43 America/New_York] PHP Deprecated:  Function AMQPQueue::declare() is deprecated in /var/www/sample/rabbitMQLib.inc on line 215
[15-Dec-2019 23:19:19 America/New_York] PHP Deprecated:  Function AMQPQueue::declare() is deprecated in /var/www/sample/rabbitMQLib.inc on line 215
[15-Dec-2019 23:19:21 America/New_York] PHP Notice:  Undefined variable: response in /var/www/sample/recipe.php on line 65
[15-Dec-2019 23:19:52 America/New_York] PHP Warning:  session_destroy(): Trying to destroy uninitialized session in /var/www/sample/logout.php on line 95
[16-Dec-2019 15:05:25 America/New_York] PHP Deprecated:  Function AMQPQueue::declare() is deprecated in /var/www/sample/rabbitMQLib.inc on line 215
[16-Dec-2019 15:06:38 America/New_York] PHP Deprecated:  Function AMQPQueue::declare() is deprecated in /var/www/sample/rabbitMQLib.inc on line 215
[16-Dec-2019 15:10:01 America/New_York] PHP Deprecated:  Function AMQPQueue::declare() is deprecated in /var/www/sample/rabbitMQLib.inc on line 215
[16-Dec-2019 15:10:29 America/New_York] PHP Deprecated:  Function AMQPQueue::declare() is deprecated in /var/www/sample/rabbitMQLib.inc on line 215
[16-Dec-2019 15:11:30 America/New_York] PHP Warning:  session_destroy(): Trying to destroy uninitialized session in /var/www/sample/logout.php on line 95
[16-Dec-2019 17:02:03 America/New_York] PHP Deprecated:  Function AMQPQueue::declare() is deprecated in /var/www/sample/rabbitMQLib.inc on line 215
[16-Dec-2019 17:02:38 America/New_York] PHP Deprecated:  Function AMQPQueue::declare() is deprecated in /var/www/sample/rabbitMQLib.inc on line 215
[16-Dec-2019 17:02:57 America/New_York] PHP Deprecated:  Function AMQPQueue::declare() is deprecated in /var/www/sample/rabbitMQLib.inc on line 215
[16-Dec-2019 17:10:08 America/New_York] PHP Deprecated:  Function AMQPQueue::declare() is deprecated in /var/www/sample/rabbitMQLib.inc on line 215
[16-Dec-2019 17:10:27 America/New_York] PHP Deprecated:  Function AMQPQueue::declare() is deprecated in /var/www/sample/rabbitMQLib.inc on line 215
[16-Dec-2019 17:10:52 America/New_York] PHP Deprecated:  Function AMQPQueue::declare() is deprecated in /var/www/sample/rabbitMQLib.inc on line 215
[16-Dec-2019 17:10:52 America/New_York] PHP Notice:  Undefined variable: response in /var/www/sample/recipe.php on line 65
[16-Dec-2019 17:25:19 America/New_York] PHP Deprecated:  Function AMQPQueue::declare() is deprecated in /var/www/sample/rabbitMQLib.inc on line 215
[16-Dec-2019 17:25:36 America/New_York] PHP Deprecated:  Function AMQPQueue::declare() is deprecated in /var/www/sample/rabbitMQLib.inc on line 215
[16-Dec-2019 17:25:57 America/New_York] PHP Deprecated:  Function AMQPQueue::declare() is deprecated in /var/www/sample/rabbitMQLib.inc on line 215
[16-Dec-2019 17:25:58 America/New_York] PHP Notice:  Undefined variable: response in /var/www/sample/recipe.php on line 65
[16-Dec-2019 17:34:20 America/New_York] PHP Warning:  session_destroy(): Trying to destroy uninitialized session in /var/www/sample/logout.php on line 95
[16-Dec-2019 17:36:40 America/New_York] PHP Deprecated:  Function AMQPQueue::declare() is deprecated in /var/www/sample/rabbitMQLib.inc on line 215
[16-Dec-2019 17:36:55 America/New_York] PHP Deprecated:  Function AMQPQueue::declare() is deprecated in /var/www/sample/rabbitMQLib.inc on line 215
[16-Dec-2019 17:37:12 America/New_York] PHP Deprecated:  Function AMQPQueue::declare() is deprecated in /var/www/sample/rabbitMQLib.inc on line 215
[16-Dec-2019 18:10:06 America/New_York] PHP Notice:  Undefined index: meals in /var/www/sample/home.php on line 84
[16-Dec-2019 18:22:58 America/New_York] PHP Deprecated:  Function AMQPQueue::declare() is deprecated in /var/www/sample/rabbitMQLib.inc on line 215
[16-Dec-2019 18:23:34 America/New_York] PHP Deprecated:  Function AMQPQueue::declare() is deprecated in /var/www/sample/rabbitMQLib.inc on line 215
[16-Dec-2019 18:23:52 America/New_York] PHP Deprecated:  Function AMQPQueue::declare() is deprecated in /var/www/sample/rabbitMQLib.inc on line 215
[16-Dec-2019 18:40:10 America/New_York] PHP Warning:  session_destroy(): Trying to destroy uninitialized session in /var/www/sample/logout.php on line 95
[17-Dec-2019 13:11:01 America/New_York] PHP Deprecated:  Function AMQPQueue::declare() is deprecated in /var/www/sample/rabbitMQLib.inc on line 215
[17-Dec-2019 13:11:25 America/New_York] PHP Deprecated:  Function AMQPQueue::declare() is deprecated in /var/www/sample/rabbitMQLib.inc on line 215
[17-Dec-2019 13:12:05 America/New_York] PHP Deprecated:  Function AMQPQueue::declare() is deprecated in /var/www/sample/rabbitMQLib.inc on line 215
[17-Dec-2019 14:57:51 America/New_York] PHP Deprecated:  Function AMQPQueue::declare() is deprecated in /var/www/sample/rabbitMQLib.inc on line 215
[17-Dec-2019 14:58:06 America/New_York] PHP Deprecated:  Function AMQPQueue::declare() is deprecated in /var/www/sample/rabbitMQLib.inc on line 215
[17-Dec-2019 14:58:21 America/New_York] PHP Deprecated:  Function AMQPQueue::declare() is deprecated in /var/www/sample/rabbitMQLib.inc on line 215
[17-Dec-2019 15:05:35 America/New_York] PHP Deprecated:  Function AMQPQueue::declare() is deprecated in /var/www/sample/rabbitMQLib.inc on line 215
[17-Dec-2019 15:05:48 America/New_York] PHP Deprecated:  Function AMQPQueue::declare() is deprecated in /var/www/sample/rabbitMQLib.inc on line 215
[17-Dec-2019 15:06:07 America/New_York] PHP Deprecated:  Function AMQPQueue::declare() is deprecated in /var/www/sample/rabbitMQLib.inc on line 215
[17-Dec-2019 15:06:14 America/New_York] PHP Deprecated:  Function AMQPQueue::declare() is deprecated in /var/www/sample/rabbitMQLib.inc on line 215
[17-Dec-2019 15:20:49 America/New_York] PHP Deprecated:  Function AMQPQueue::declare() is deprecated in /var/www/sample/rabbitMQLib.inc on line 215
[17-Dec-2019 15:21:22 America/New_York] PHP Deprecated:  Function AMQPQueue::declare() is deprecated in /var/www/sample/rabbitMQLib.inc on line 215
[17-Dec-2019 15:21:51 America/New_York] PHP Deprecated:  Function AMQPQueue::declare() is deprecated in /var/www/sample/rabbitMQLib.inc on line 215
[17-Dec-2019 15:25:36 America/New_York] PHP Warning:  session_destroy(): Trying to destroy uninitialized session in /var/www/sample/logout.php on line 95
[17-Dec-2019 15:27:19 America/New_York] PHP Deprecated:  Function AMQPQueue::declare() is deprecated in /var/www/sample/rabbitMQLib.inc on line 215
[17-Dec-2019 15:27:50 America/New_York] PHP Deprecated:  Function AMQPQueue::declare() is deprecated in /var/www/sample/rabbitMQLib.inc on line 215
[17-Dec-2019 15:28:13 America/New_York] PHP Deprecated:  Function AMQPQueue::declare() is deprecated in /var/www/sample/rabbitMQLib.inc on line 215
[17-Dec-2019 15:28:34 America/New_York] PHP Warning:  session_destroy(): Trying to destroy uninitialized session in /var/www/sample/logout.php on line 95
[17-Dec-2019 15:28:50 America/New_York] PHP Deprecated:  Function AMQPQueue::declare() is deprecated in /var/www/sample/rabbitMQLib.inc on line 215
[17-Dec-2019 15:29:15 America/New_York] PHP Deprecated:  Function AMQPQueue::declare() is deprecated in /var/www/sample/rabbitMQLib.inc on line 215
[17-Dec-2019 15:36:58 America/New_York] PHP Deprecated:  Function AMQPQueue::declare() is deprecated in /var/www/sample/rabbitMQLib.inc on line 215
[17-Dec-2019 15:37:17 America/New_York] PHP Deprecated:  Function AMQPQueue::declare() is deprecated in /var/www/sample/rabbitMQLib.inc on line 215
[17-Dec-2019 17:13:18 America/New_York] PHP Deprecated:  Function AMQPQueue::declare() is deprecated in /var/www/sample/rabbitMQLib.inc on line 215
[17-Dec-2019 17:13:33 America/New_York] PHP Deprecated:  Function AMQPQueue::declare() is deprecated in /var/www/sample/rabbitMQLib.inc on line 215
[17-Dec-2019 17:17:48 America/New_York] PHP Deprecated:  Function AMQPQueue::declare() is deprecated in /var/www/sample/rabbitMQLib.inc on line 215
[17-Dec-2019 17:18:17 America/New_York] PHP Deprecated:  Function AMQPQueue::declare() is deprecated in /var/www/sample/rabbitMQLib.inc on line 215
[17-Dec-2019 17:18:30 America/New_York] PHP Deprecated:  Function AMQPQueue::declare() is deprecated in /var/www/sample/rabbitMQLib.inc on line 215
[17-Dec-2019 17:26:56 America/New_York] PHP Deprecated:  Function AMQPQueue::declare() is deprecated in /var/www/sample/rabbitMQLib.inc on line 215
[17-Dec-2019 17:27:15 America/New_York] PHP Deprecated:  Function AMQPQueue::declare() is deprecated in /var/www/sample/rabbitMQLib.inc on line 215
[17-Dec-2019 17:27:29 America/New_York] PHP Deprecated:  Function AMQPQueue::declare() is deprecated in /var/www/sample/rabbitMQLib.inc on line 215
[17-Dec-2019 17:35:08 America/New_York] PHP Deprecated:  Function AMQPQueue::declare() is deprecated in /var/www/sample/rabbitMQLib.inc on line 215
[17-Dec-2019 17:35:26 America/New_York] PHP Deprecated:  Function AMQPQueue::declare() is deprecated in /var/www/sample/rabbitMQLib.inc on line 215
[17-Dec-2019 17:35:38 America/New_York] PHP Deprecated:  Function AMQPQueue::declare() is deprecated in /var/www/sample/rabbitMQLib.inc on line 215
[17-Dec-2019 17:38:47 America/New_York] PHP Deprecated:  Function AMQPQueue::declare() is deprecated in /var/www/sample/rabbitMQLib.inc on line 215
[17-Dec-2019 17:39:06 America/New_York] PHP Deprecated:  Function AMQPQueue::declare() is deprecated in /var/www/sample/rabbitMQLib.inc on line 215
[17-Dec-2019 17:39:24 America/New_York] PHP Deprecated:  Function AMQPQueue::declare() is deprecated in /var/www/sample/rabbitMQLib.inc on line 215
[17-Dec-2019 17:41:44 America/New_York] PHP Deprecated:  Function AMQPQueue::declare() is deprecated in /var/www/sample/rabbitMQLib.inc on line 215
[17-Dec-2019 17:42:01 America/New_York] PHP Deprecated:  Function AMQPQueue::declare() is deprecated in /var/www/sample/rabbitMQLib.inc on line 215
[17-Dec-2019 17:42:11 America/New_York] PHP Deprecated:  Function AMQPQueue::declare() is deprecated in /var/www/sample/rabbitMQLib.inc on line 215
[17-Dec-2019 17:51:05 America/New_York] PHP Deprecated:  Function AMQPQueue::declare() is deprecated in /var/www/sample/rabbitMQLib.inc on line 215
[17-Dec-2019 17:51:21 America/New_York] PHP Deprecated:  Function AMQPQueue::declare() is deprecated in /var/www/sample/rabbitMQLib.inc on line 215
[17-Dec-2019 17:51:47 America/New_York] PHP Deprecated:  Function AMQPQueue::declare() is deprecated in /var/www/sample/rabbitMQLib.inc on line 215
[17-Dec-2019 17:54:51 America/New_York] PHP Deprecated:  Function AMQPQueue::declare() is deprecated in /var/www/sample/rabbitMQLib.inc on line 215
[17-Dec-2019 17:55:09 America/New_York] PHP Deprecated:  Function AMQPQueue::declare() is deprecated in /var/www/sample/rabbitMQLib.inc on line 215
[17-Dec-2019 17:55:21 America/New_York] PHP Deprecated:  Function AMQPQueue::declare() is deprecated in /var/www/sample/rabbitMQLib.inc on line 215
[17-Dec-2019 17:58:20 America/New_York] PHP Deprecated:  Function AMQPQueue::declare() is deprecated in /var/www/sample/rabbitMQLib.inc on line 215
[17-Dec-2019 17:58:38 America/New_York] PHP Deprecated:  Function AMQPQueue::declare() is deprecated in /var/www/sample/rabbitMQLib.inc on line 215
[17-Dec-2019 17:58:51 America/New_York] PHP Deprecated:  Function AMQPQueue::declare() is deprecated in /var/www/sample/rabbitMQLib.inc on line 215
[17-Dec-2019 18:01:54 America/New_York] PHP Deprecated:  Function AMQPQueue::declare() is deprecated in /var/www/sample/rabbitMQLib.inc on line 215
[17-Dec-2019 18:02:13 America/New_York] PHP Deprecated:  Function AMQPQueue::declare() is deprecated in /var/www/sample/rabbitMQLib.inc on line 215
[17-Dec-2019 18:02:23 America/New_York] PHP Deprecated:  Function AMQPQueue::declare() is deprecated in /var/www/sample/rabbitMQLib.inc on line 215
[17-Dec-2019 18:05:00 America/New_York] PHP Deprecated:  Function AMQPQueue::declare() is deprecated in /var/www/sample/rabbitMQLib.inc on line 215
[17-Dec-2019 18:05:16 America/New_York] PHP Deprecated:  Function AMQPQueue::declare() is deprecated in /var/www/sample/rabbitMQLib.inc on line 215
[17-Dec-2019 18:05:24 America/New_York] PHP Notice:  Undefined offset: 1 in /var/www/sample/modifiedRecipeBackend.php on line 16
[17-Dec-2019 18:05:24 America/New_York] PHP Notice:  Undefined offset: 1 in /var/www/sample/modifiedRecipeBackend.php on line 16
[17-Dec-2019 18:05:24 America/New_York] PHP Deprecated:  Function AMQPQueue::declare() is deprecated in /var/www/sample/rabbitMQLib.inc on line 215
[17-Dec-2019 18:10:34 America/New_York] PHP Deprecated:  Function AMQPQueue::declare() is deprecated in /var/www/sample/rabbitMQLib.inc on line 215
[17-Dec-2019 18:10:53 America/New_York] PHP Deprecated:  Function AMQPQueue::declare() is deprecated in /var/www/sample/rabbitMQLib.inc on line 215
[17-Dec-2019 18:11:03 America/New_York] PHP Deprecated:  Function AMQPQueue::declare() is deprecated in /var/www/sample/rabbitMQLib.inc on line 215
[17-Dec-2019 18:46:47 America/New_York] PHP Deprecated:  Function AMQPQueue::declare() is deprecated in /var/www/sample/rabbitMQLib.inc on line 215
[17-Dec-2019 18:47:04 America/New_York] PHP Deprecated:  Function AMQPQueue::declare() is deprecated in /var/www/sample/rabbitMQLib.inc on line 215
[17-Dec-2019 18:50:08 America/New_York] PHP Deprecated:  Function AMQPQueue::declare() is deprecated in /var/www/sample/rabbitMQLib.inc on line 215
[17-Dec-2019 18:50:24 America/New_York] PHP Deprecated:  Function AMQPQueue::declare() is deprecated in /var/www/sample/rabbitMQLib.inc on line 215
[17-Dec-2019 18:56:51 America/New_York] PHP Deprecated:  Function AMQPQueue::declare() is deprecated in /var/www/sample/rabbitMQLib.inc on line 215
[17-Dec-2019 18:57:07 America/New_York] PHP Deprecated:  Function AMQPQueue::declare() is deprecated in /var/www/sample/rabbitMQLib.inc on line 215
[17-Dec-2019 18:59:15 America/New_York] PHP Deprecated:  Function AMQPQueue::declare() is deprecated in /var/www/sample/rabbitMQLib.inc on line 215
[17-Dec-2019 18:59:50 America/New_York] PHP Deprecated:  Function AMQPQueue::declare() is deprecated in /var/www/sample/rabbitMQLib.inc on line 215
[17-Dec-2019 19:02:28 America/New_York] PHP Deprecated:  Function AMQPQueue::declare() is deprecated in /var/www/sample/rabbitMQLib.inc on line 215
[17-Dec-2019 19:02:46 America/New_York] PHP Deprecated:  Function AMQPQueue::declare() is deprecated in /var/www/sample/rabbitMQLib.inc on line 215
[17-Dec-2019 19:02:54 America/New_York] PHP Deprecated:  Function AMQPQueue::declare() is deprecated in /var/www/sample/rabbitMQLib.inc on line 215
[17-Dec-2019 19:07:06 America/New_York] PHP Deprecated:  Function AMQPQueue::declare() is deprecated in /var/www/sample/rabbitMQLib.inc on line 215
[17-Dec-2019 19:07:26 America/New_York] PHP Deprecated:  Function AMQPQueue::declare() is deprecated in /var/www/sample/rabbitMQLib.inc on line 215
[17-Dec-2019 19:07:38 America/New_York] PHP Deprecated:  Function AMQPQueue::declare() is deprecated in /var/www/sample/rabbitMQLib.inc on line 215
[17-Dec-2019 19:15:34 America/New_York] PHP Deprecated:  Function AMQPQueue::declare() is deprecated in /var/www/sample/rabbitMQLib.inc on line 215
[17-Dec-2019 19:15:49 America/New_York] PHP Deprecated:  Function AMQPQueue::declare() is deprecated in /var/www/sample/rabbitMQLib.inc on line 215
[17-Dec-2019 19:15:56 America/New_York] PHP Deprecated:  Function AMQPQueue::declare() is deprecated in /var/www/sample/rabbitMQLib.inc on line 215
[17-Dec-2019 19:19:22 America/New_York] PHP Deprecated:  Function AMQPQueue::declare() is deprecated in /var/www/sample/rabbitMQLib.inc on line 215
[17-Dec-2019 19:19:39 America/New_York] PHP Deprecated:  Function AMQPQueue::declare() is deprecated in /var/www/sample/rabbitMQLib.inc on line 215
[17-Dec-2019 19:19:44 America/New_York] PHP Deprecated:  Function AMQPQueue::declare() is deprecated in /var/www/sample/rabbitMQLib.inc on line 215
[17-Dec-2019 19:30:27 America/New_York] PHP Deprecated:  Function AMQPQueue::declare() is deprecated in /var/www/sample/rabbitMQLib.inc on line 215
[17-Dec-2019 19:30:51 America/New_York] PHP Deprecated:  Function AMQPQueue::declare() is deprecated in /var/www/sample/rabbitMQLib.inc on line 215
[17-Dec-2019 19:31:44 America/New_York] PHP Deprecated:  Function AMQPQueue::declare() is deprecated in /var/www/sample/rabbitMQLib.inc on line 215
[17-Dec-2019 19:33:46 America/New_York] PHP Deprecated:  Function AMQPQueue::declare() is deprecated in /var/www/sample/rabbitMQLib.inc on line 215
[17-Dec-2019 19:34:04 America/New_York] PHP Deprecated:  Function AMQPQueue::declare() is deprecated in /var/www/sample/rabbitMQLib.inc on line 215
[17-Dec-2019 19:34:11 America/New_York] PHP Deprecated:  Function AMQPQueue::declare() is deprecated in /var/www/sample/rabbitMQLib.inc on line 215
[17-Dec-2019 19:37:57 America/New_York] PHP Deprecated:  Function AMQPQueue::declare() is deprecated in /var/www/sample/rabbitMQLib.inc on line 215
[17-Dec-2019 19:38:11 America/New_York] PHP Deprecated:  Function AMQPQueue::declare() is deprecated in /var/www/sample/rabbitMQLib.inc on line 215
[17-Dec-2019 19:38:18 America/New_York] PHP Deprecated:  Function AMQPQueue::declare() is deprecated in /var/www/sample/rabbitMQLib.inc on line 215
[17-Dec-2019 19:40:09 America/New_York] PHP Deprecated:  Function AMQPQueue::declare() is deprecated in /var/www/sample/rabbitMQLib.inc on line 215
[17-Dec-2019 19:40:18 America/New_York] PHP Deprecated:  Function AMQPQueue::declare() is deprecated in /var/www/sample/rabbitMQLib.inc on line 215
[17-Dec-2019 19:40:25 America/New_York] PHP Deprecated:  Function AMQPQueue::declare() is deprecated in /var/www/sample/rabbitMQLib.inc on line 215
[17-Dec-2019 19:41:15 America/New_York] PHP Deprecated:  Function AMQPQueue::declare() is deprecated in /var/www/sample/rabbitMQLib.inc on line 215
[17-Dec-2019 19:41:31 America/New_York] PHP Deprecated:  Function AMQPQueue::declare() is deprecated in /var/www/sample/rabbitMQLib.inc on line 215
[17-Dec-2019 19:41:38 America/New_York] PHP Deprecated:  Function AMQPQueue::declare() is deprecated in /var/www/sample/rabbitMQLib.inc on line 215
[17-Dec-2019 19:44:01 America/New_York] PHP Deprecated:  Function AMQPQueue::declare() is deprecated in /var/www/sample/rabbitMQLib.inc on line 215
[17-Dec-2019 19:44:16 America/New_York] PHP Deprecated:  Function AMQPQueue::declare() is deprecated in /var/www/sample/rabbitMQLib.inc on line 215
[17-Dec-2019 19:44:25 America/New_York] PHP Deprecated:  Function AMQPQueue::declare() is deprecated in /var/www/sample/rabbitMQLib.inc on line 215
[17-Dec-2019 19:49:49 America/New_York] PHP Deprecated:  Function AMQPQueue::declare() is deprecated in /var/www/sample/rabbitMQLib.inc on line 215
[17-Dec-2019 19:50:05 America/New_York] PHP Deprecated:  Function AMQPQueue::declare() is deprecated in /var/www/sample/rabbitMQLib.inc on line 215
[17-Dec-2019 19:50:11 America/New_York] PHP Deprecated:  Function AMQPQueue::declare() is deprecated in /var/www/sample/rabbitMQLib.inc on line 215
[17-Dec-2019 19:52:02 America/New_York] PHP Deprecated:  Function AMQPQueue::declare() is deprecated in /var/www/sample/rabbitMQLib.inc on line 215
[17-Dec-2019 19:52:19 America/New_York] PHP Deprecated:  Function AMQPQueue::declare() is deprecated in /var/www/sample/rabbitMQLib.inc on line 215
[17-Dec-2019 19:52:27 America/New_York] PHP Deprecated:  Function AMQPQueue::declare() is deprecated in /var/www/sample/rabbitMQLib.inc on line 215
[17-Dec-2019 19:59:51 America/New_York] PHP Deprecated:  Function AMQPQueue::declare() is deprecated in /var/www/sample/rabbitMQLib.inc on line 215
[17-Dec-2019 20:01:18 America/New_York] PHP Deprecated:  Function AMQPQueue::declare() is deprecated in /var/www/sample/rabbitMQLib.inc on line 215
[17-Dec-2019 20:02:21 America/New_York] PHP Deprecated:  Function AMQPQueue::declare() is deprecated in /var/www/sample/rabbitMQLib.inc on line 215
[17-Dec-2019 20:02:36 America/New_York] PHP Deprecated:  Function AMQPQueue::declare() is deprecated in /var/www/sample/rabbitMQLib.inc on line 215
[17-Dec-2019 20:02:43 America/New_York] PHP Deprecated:  Function AMQPQueue::declare() is deprecated in /var/www/sample/rabbitMQLib.inc on line 215
[17-Dec-2019 20:08:08 America/New_York] PHP Deprecated:  Function AMQPQueue::declare() is deprecated in /var/www/sample/rabbitMQLib.inc on line 215
[17-Dec-2019 20:08:21 America/New_York] PHP Deprecated:  Function AMQPQueue::declare() is deprecated in /var/www/sample/rabbitMQLib.inc on line 215
[17-Dec-2019 20:08:28 America/New_York] PHP Deprecated:  Function AMQPQueue::declare() is deprecated in /var/www/sample/rabbitMQLib.inc on line 215
[17-Dec-2019 20:09:33 America/New_York] PHP Deprecated:  Function AMQPQueue::declare() is deprecated in /var/www/sample/rabbitMQLib.inc on line 215
[17-Dec-2019 20:09:55 America/New_York] PHP Deprecated:  Function AMQPQueue::declare() is deprecated in /var/www/sample/rabbitMQLib.inc on line 215
[17-Dec-2019 20:10:03 America/New_York] PHP Deprecated:  Function AMQPQueue::declare() is deprecated in /var/www/sample/rabbitMQLib.inc on line 215
[17-Dec-2019 20:12:46 America/New_York] PHP Deprecated:  Function AMQPQueue::declare() is deprecated in /var/www/sample/rabbitMQLib.inc on line 215
[17-Dec-2019 20:14:14 America/New_York] PHP Deprecated:  Function AMQPQueue::declare() is deprecated in /var/www/sample/rabbitMQLib.inc on line 215
[17-Dec-2019 20:14:23 America/New_York] PHP Deprecated:  Function AMQPQueue::declare() is deprecated in /var/www/sample/rabbitMQLib.inc on line 215
[17-Dec-2019 20:22:26 America/New_York] PHP Deprecated:  Function AMQPQueue::declare() is deprecated in /var/www/sample/rabbitMQLib.inc on line 215
[17-Dec-2019 20:22:42 America/New_York] PHP Deprecated:  Function AMQPQueue::declare() is deprecated in /var/www/sample/rabbitMQLib.inc on line 215
[17-Dec-2019 20:22:51 America/New_York] PHP Deprecated:  Function AMQPQueue::declare() is deprecated in /var/www/sample/rabbitMQLib.inc on line 215
[17-Dec-2019 20:23:27 America/New_York] PHP Deprecated:  Function AMQPQueue::declare() is deprecated in /var/www/sample/rabbitMQLib.inc on line 215
[17-Dec-2019 20:23:43 America/New_York] PHP Deprecated:  Function AMQPQueue::declare() is deprecated in /var/www/sample/rabbitMQLib.inc on line 215
[17-Dec-2019 20:23:50 America/New_York] PHP Deprecated:  Function AMQPQueue::declare() is deprecated in /var/www/sample/rabbitMQLib.inc on line 215
[17-Dec-2019 20:28:42 America/New_York] PHP Deprecated:  Function AMQPQueue::declare() is deprecated in /var/www/sample/rabbitMQLib.inc on line 215
[17-Dec-2019 20:28:55 America/New_York] PHP Deprecated:  Function AMQPQueue::declare() is deprecated in /var/www/sample/rabbitMQLib.inc on line 215
[17-Dec-2019 20:29:04 America/New_York] PHP Deprecated:  Function AMQPQueue::declare() is deprecated in /var/www/sample/rabbitMQLib.inc on line 215
[17-Dec-2019 20:30:37 America/New_York] PHP Deprecated:  Function AMQPQueue::declare() is deprecated in /var/www/sample/rabbitMQLib.inc on line 215
[17-Dec-2019 20:31:53 America/New_York] PHP Deprecated:  Function AMQPQueue::declare() is deprecated in /var/www/sample/rabbitMQLib.inc on line 215
[17-Dec-2019 20:33:15 America/New_York] PHP Deprecated:  Function AMQPQueue::declare() is deprecated in /var/www/sample/rabbitMQLib.inc on line 215
[17-Dec-2019 20:33:47 America/New_York] PHP Deprecated:  Function AMQPQueue::declare() is deprecated in /var/www/sample/rabbitMQLib.inc on line 215
[17-Dec-2019 20:34:26 America/New_York] PHP Deprecated:  Function AMQPQueue::declare() is deprecated in /var/www/sample/rabbitMQLib.inc on line 215
[17-Dec-2019 20:34:41 America/New_York] PHP Deprecated:  Function AMQPQueue::declare() is deprecated in /var/www/sample/rabbitMQLib.inc on line 215
[17-Dec-2019 20:34:50 America/New_York] PHP Deprecated:  Function AMQPQueue::declare() is deprecated in /var/www/sample/rabbitMQLib.inc on line 215
[17-Dec-2019 20:36:15 America/New_York] PHP Deprecated:  Function AMQPQueue::declare() is deprecated in /var/www/sample/rabbitMQLib.inc on line 215
[17-Dec-2019 20:36:33 America/New_York] PHP Deprecated:  Function AMQPQueue::declare() is deprecated in /var/www/sample/rabbitMQLib.inc on line 215
[17-Dec-2019 20:36:41 America/New_York] PHP Deprecated:  Function AMQPQueue::declare() is deprecated in /var/www/sample/rabbitMQLib.inc on line 215
[18-Dec-2019 00:15:51 America/New_York] PHP Deprecated:  Function AMQPQueue::declare() is deprecated in /var/www/sample/rabbitMQLib.inc on line 215
[18-Dec-2019 00:16:09 America/New_York] PHP Deprecated:  Function AMQPQueue::declare() is deprecated in /var/www/sample/rabbitMQLib.inc on line 215
[18-Dec-2019 00:22:59 America/New_York] PHP Deprecated:  Function AMQPQueue::declare() is deprecated in /var/www/sample/rabbitMQLib.inc on line 215
[18-Dec-2019 00:23:15 America/New_York] PHP Deprecated:  Function AMQPQueue::declare() is deprecated in /var/www/sample/rabbitMQLib.inc on line 215
[18-Dec-2019 00:23:22 America/New_York] PHP Notice:  Array to string conversion in /var/www/sample/modifiedRecipeBackend.php on line 17
[18-Dec-2019 00:23:22 America/New_York] PHP Notice:  Array to string conversion in /var/www/sample/modifiedRecipeBackend.php on line 18
[18-Dec-2019 00:23:22 America/New_York] PHP Deprecated:  Function AMQPQueue::declare() is deprecated in /var/www/sample/rabbitMQLib.inc on line 215
[18-Dec-2019 00:24:52 America/New_York] PHP Notice:  Array to string conversion in /var/www/sample/modifiedRecipeBackend.php on line 17
[18-Dec-2019 00:24:52 America/New_York] PHP Notice:  Array to string conversion in /var/www/sample/modifiedRecipeBackend.php on line 18
[18-Dec-2019 00:24:52 America/New_York] PHP Deprecated:  Function AMQPQueue::declare() is deprecated in /var/www/sample/rabbitMQLib.inc on line 215
[18-Dec-2019 00:28:14 America/New_York] PHP Deprecated:  Function AMQPQueue::declare() is deprecated in /var/www/sample/rabbitMQLib.inc on line 215
[18-Dec-2019 00:28:33 America/New_York] PHP Deprecated:  Function AMQPQueue::declare() is deprecated in /var/www/sample/rabbitMQLib.inc on line 215
[18-Dec-2019 00:29:04 America/New_York] PHP Notice:  Array to string conversion in /var/www/sample/modifiedRecipeBackend.php on line 17
[18-Dec-2019 00:29:04 America/New_York] PHP Notice:  Array to string conversion in /var/www/sample/modifiedRecipeBackend.php on line 18
[18-Dec-2019 00:29:04 America/New_York] PHP Deprecated:  Function AMQPQueue::declare() is deprecated in /var/www/sample/rabbitMQLib.inc on line 215
[18-Dec-2019 00:32:32 America/New_York] PHP Deprecated:  Function AMQPQueue::declare() is deprecated in /var/www/sample/rabbitMQLib.inc on line 215
[18-Dec-2019 00:32:50 America/New_York] PHP Deprecated:  Function AMQPQueue::declare() is deprecated in /var/www/sample/rabbitMQLib.inc on line 215
[18-Dec-2019 00:33:02 America/New_York] PHP Notice:  Array to string conversion in /var/www/sample/modifiedRecipeBackend.php on line 17
[18-Dec-2019 00:33:02 America/New_York] PHP Notice:  Array to string conversion in /var/www/sample/modifiedRecipeBackend.php on line 18
[18-Dec-2019 00:33:02 America/New_York] PHP Deprecated:  Function AMQPQueue::declare() is deprecated in /var/www/sample/rabbitMQLib.inc on line 215
[18-Dec-2019 00:38:25 America/New_York] PHP Deprecated:  Function AMQPQueue::declare() is deprecated in /var/www/sample/rabbitMQLib.inc on line 215
[18-Dec-2019 00:38:45 America/New_York] PHP Deprecated:  Function AMQPQueue::declare() is deprecated in /var/www/sample/rabbitMQLib.inc on line 215
[18-Dec-2019 00:38:52 America/New_York] PHP Notice:  Array to string conversion in /var/www/sample/modifiedRecipeBackend.php on line 17
[18-Dec-2019 00:38:52 America/New_York] PHP Notice:  Array to string conversion in /var/www/sample/modifiedRecipeBackend.php on line 18
[18-Dec-2019 00:38:52 America/New_York] PHP Deprecated:  Function AMQPQueue::declare() is deprecated in /var/www/sample/rabbitMQLib.inc on line 215
[18-Dec-2019 00:41:44 America/New_York] PHP Deprecated:  Function AMQPQueue::declare() is deprecated in /var/www/sample/rabbitMQLib.inc on line 215
[18-Dec-2019 00:42:00 America/New_York] PHP Deprecated:  Function AMQPQueue::declare() is deprecated in /var/www/sample/rabbitMQLib.inc on line 215
[18-Dec-2019 00:42:07 America/New_York] PHP Notice:  Array to string conversion in /var/www/sample/modifiedRecipeBackend.php on line 17
[18-Dec-2019 00:42:07 America/New_York] PHP Notice:  Array to string conversion in /var/www/sample/modifiedRecipeBackend.php on line 18
[18-Dec-2019 00:42:07 America/New_York] PHP Deprecated:  Function AMQPQueue::declare() is deprecated in /var/www/sample/rabbitMQLib.inc on line 215
[18-Dec-2019 00:44:56 America/New_York] PHP Deprecated:  Function AMQPQueue::declare() is deprecated in /var/www/sample/rabbitMQLib.inc on line 215
[18-Dec-2019 00:45:12 America/New_York] PHP Deprecated:  Function AMQPQueue::declare() is deprecated in /var/www/sample/rabbitMQLib.inc on line 215
[18-Dec-2019 00:45:21 America/New_York] PHP Notice:  Array to string conversion in /var/www/sample/modifiedRecipeBackend.php on line 17
[18-Dec-2019 00:45:21 America/New_York] PHP Notice:  Array to string conversion in /var/www/sample/modifiedRecipeBackend.php on line 18
[18-Dec-2019 00:45:21 America/New_York] PHP Deprecated:  Function AMQPQueue::declare() is deprecated in /var/www/sample/rabbitMQLib.inc on line 215
[18-Dec-2019 00:48:08 America/New_York] PHP Deprecated:  Function AMQPQueue::declare() is deprecated in /var/www/sample/rabbitMQLib.inc on line 215
[18-Dec-2019 00:48:30 America/New_York] PHP Deprecated:  Function AMQPQueue::declare() is deprecated in /var/www/sample/rabbitMQLib.inc on line 215
[18-Dec-2019 00:48:44 America/New_York] PHP Notice:  Array to string conversion in /var/www/sample/modifiedRecipeBackend.php on line 17
[18-Dec-2019 00:48:44 America/New_York] PHP Notice:  Array to string conversion in /var/www/sample/modifiedRecipeBackend.php on line 18
[18-Dec-2019 00:48:44 America/New_York] PHP Deprecated:  Function AMQPQueue::declare() is deprecated in /var/www/sample/rabbitMQLib.inc on line 215
[18-Dec-2019 00:51:40 America/New_York] PHP Deprecated:  Function AMQPQueue::declare() is deprecated in /var/www/sample/rabbitMQLib.inc on line 215
[18-Dec-2019 00:52:00 America/New_York] PHP Deprecated:  Function AMQPQueue::declare() is deprecated in /var/www/sample/rabbitMQLib.inc on line 215
[18-Dec-2019 00:52:06 America/New_York] PHP Notice:  Array to string conversion in /var/www/sample/modifiedRecipeBackend.php on line 17
[18-Dec-2019 00:52:06 America/New_York] PHP Notice:  Array to string conversion in /var/www/sample/modifiedRecipeBackend.php on line 18
[18-Dec-2019 00:52:06 America/New_York] PHP Deprecated:  Function AMQPQueue::declare() is deprecated in /var/www/sample/rabbitMQLib.inc on line 215
[18-Dec-2019 00:53:23 America/New_York] PHP Deprecated:  Function AMQPQueue::declare() is deprecated in /var/www/sample/rabbitMQLib.inc on line 215
[18-Dec-2019 00:53:40 America/New_York] PHP Deprecated:  Function AMQPQueue::declare() is deprecated in /var/www/sample/rabbitMQLib.inc on line 215
[18-Dec-2019 00:53:51 America/New_York] PHP Notice:  Array to string conversion in /var/www/sample/modifiedRecipeBackend.php on line 17
[18-Dec-2019 00:53:51 America/New_York] PHP Notice:  Array to string conversion in /var/www/sample/modifiedRecipeBackend.php on line 18
[18-Dec-2019 00:53:51 America/New_York] PHP Deprecated:  Function AMQPQueue::declare() is deprecated in /var/www/sample/rabbitMQLib.inc on line 215
[18-Dec-2019 00:55:52 America/New_York] PHP Deprecated:  Function AMQPQueue::declare() is deprecated in /var/www/sample/rabbitMQLib.inc on line 215
[18-Dec-2019 00:56:39 America/New_York] PHP Deprecated:  Function AMQPQueue::declare() is deprecated in /var/www/sample/rabbitMQLib.inc on line 215
[18-Dec-2019 00:56:57 America/New_York] PHP Deprecated:  Function AMQPQueue::declare() is deprecated in /var/www/sample/rabbitMQLib.inc on line 215
[18-Dec-2019 00:57:04 America/New_York] PHP Notice:  Array to string conversion in /var/www/sample/modifiedRecipeBackend.php on line 17
[18-Dec-2019 00:57:04 America/New_York] PHP Notice:  Array to string conversion in /var/www/sample/modifiedRecipeBackend.php on line 18
[18-Dec-2019 00:57:04 America/New_York] PHP Deprecated:  Function AMQPQueue::declare() is deprecated in /var/www/sample/rabbitMQLib.inc on line 215
[18-Dec-2019 01:02:13 America/New_York] PHP Deprecated:  Function AMQPQueue::declare() is deprecated in /var/www/sample/rabbitMQLib.inc on line 215
[18-Dec-2019 01:03:56 America/New_York] PHP Deprecated:  Function AMQPQueue::declare() is deprecated in /var/www/sample/rabbitMQLib.inc on line 215
[18-Dec-2019 01:05:31 America/New_York] PHP Deprecated:  Function AMQPQueue::declare() is deprecated in /var/www/sample/rabbitMQLib.inc on line 215
[18-Dec-2019 01:06:22 America/New_York] PHP Deprecated:  Function AMQPQueue::declare() is deprecated in /var/www/sample/rabbitMQLib.inc on line 215
[18-Dec-2019 01:06:43 America/New_York] PHP Deprecated:  Function AMQPQueue::declare() is deprecated in /var/www/sample/rabbitMQLib.inc on line 215
[18-Dec-2019 01:06:50 America/New_York] PHP Notice:  Array to string conversion in /var/www/sample/modifiedRecipeBackend.php on line 17
[18-Dec-2019 01:06:50 America/New_York] PHP Notice:  Array to string conversion in /var/www/sample/modifiedRecipeBackend.php on line 18
[18-Dec-2019 01:06:50 America/New_York] PHP Deprecated:  Function AMQPQueue::declare() is deprecated in /var/www/sample/rabbitMQLib.inc on line 215
[18-Dec-2019 01:10:14 America/New_York] PHP Deprecated:  Function AMQPQueue::declare() is deprecated in /var/www/sample/rabbitMQLib.inc on line 215
[18-Dec-2019 01:10:30 America/New_York] PHP Deprecated:  Function AMQPQueue::declare() is deprecated in /var/www/sample/rabbitMQLib.inc on line 215
[18-Dec-2019 01:10:40 America/New_York] PHP Notice:  Array to string conversion in /var/www/sample/modifiedRecipeBackend.php on line 17
[18-Dec-2019 01:10:40 America/New_York] PHP Notice:  Array to string conversion in /var/www/sample/modifiedRecipeBackend.php on line 18
[18-Dec-2019 01:10:40 America/New_York] PHP Deprecated:  Function AMQPQueue::declare() is deprecated in /var/www/sample/rabbitMQLib.inc on line 215
[18-Dec-2019 01:13:55 America/New_York] PHP Deprecated:  Function AMQPQueue::declare() is deprecated in /var/www/sample/rabbitMQLib.inc on line 215
[18-Dec-2019 01:14:19 America/New_York] PHP Deprecated:  Function AMQPQueue::declare() is deprecated in /var/www/sample/rabbitMQLib.inc on line 215
[18-Dec-2019 01:14:26 America/New_York] PHP Deprecated:  Function AMQPQueue::declare() is deprecated in /var/www/sample/rabbitMQLib.inc on line 215
[18-Dec-2019 01:17:52 America/New_York] PHP Deprecated:  Function AMQPQueue::declare() is deprecated in /var/www/sample/rabbitMQLib.inc on line 215
[18-Dec-2019 01:18:12 America/New_York] PHP Deprecated:  Function AMQPQueue::declare() is deprecated in /var/www/sample/rabbitMQLib.inc on line 215
[18-Dec-2019 01:18:28 America/New_York] PHP Deprecated:  Function AMQPQueue::declare() is deprecated in /var/www/sample/rabbitMQLib.inc on line 215
[18-Dec-2019 01:23:31 America/New_York] PHP Deprecated:  Function AMQPQueue::declare() is deprecated in /var/www/sample/rabbitMQLib.inc on line 215
[18-Dec-2019 01:23:51 America/New_York] PHP Deprecated:  Function AMQPQueue::declare() is deprecated in /var/www/sample/rabbitMQLib.inc on line 215
[18-Dec-2019 01:23:57 America/New_York] PHP Deprecated:  Function AMQPQueue::declare() is deprecated in /var/www/sample/rabbitMQLib.inc on line 215
[18-Dec-2019 01:26:26 America/New_York] PHP Deprecated:  Function AMQPQueue::declare() is deprecated in /var/www/sample/rabbitMQLib.inc on line 215
[18-Dec-2019 01:28:23 America/New_York] PHP Deprecated:  Function AMQPQueue::declare() is deprecated in /var/www/sample/rabbitMQLib.inc on line 215
[18-Dec-2019 01:29:15 America/New_York] PHP Notice:  Undefined index: username in /var/www/sample/login.php on line 8
[18-Dec-2019 01:29:15 America/New_York] PHP Notice:  Undefined index: password in /var/www/sample/login.php on line 9
[18-Dec-2019 01:29:15 America/New_York] PHP Deprecated:  Function AMQPQueue::declare() is deprecated in /var/www/sample/rabbitMQLib.inc on line 215
[18-Dec-2019 01:29:27 America/New_York] PHP Deprecated:  Function AMQPQueue::declare() is deprecated in /var/www/sample/rabbitMQLib.inc on line 215
[18-Dec-2019 01:29:56 America/New_York] PHP Deprecated:  Function AMQPQueue::declare() is deprecated in /var/www/sample/rabbitMQLib.inc on line 215
[18-Dec-2019 01:30:03 America/New_York] PHP Deprecated:  Function AMQPQueue::declare() is deprecated in /var/www/sample/rabbitMQLib.inc on line 215
[18-Dec-2019 01:32:43 America/New_York] PHP Deprecated:  Function AMQPQueue::declare() is deprecated in /var/www/sample/rabbitMQLib.inc on line 215
[18-Dec-2019 01:33:02 America/New_York] PHP Deprecated:  Function AMQPQueue::declare() is deprecated in /var/www/sample/rabbitMQLib.inc on line 215
[18-Dec-2019 01:33:09 America/New_York] PHP Deprecated:  Function AMQPQueue::declare() is deprecated in /var/www/sample/rabbitMQLib.inc on line 215
[18-Dec-2019 01:37:08 America/New_York] PHP Deprecated:  Function AMQPQueue::declare() is deprecated in /var/www/sample/rabbitMQLib.inc on line 215
[18-Dec-2019 01:37:28 America/New_York] PHP Deprecated:  Function AMQPQueue::declare() is deprecated in /var/www/sample/rabbitMQLib.inc on line 215
[18-Dec-2019 01:37:36 America/New_York] PHP Deprecated:  Function AMQPQueue::declare() is deprecated in /var/www/sample/rabbitMQLib.inc on line 215
[18-Dec-2019 01:38:45 America/New_York] PHP Deprecated:  Function AMQPQueue::declare() is deprecated in /var/www/sample/rabbitMQLib.inc on line 215
[18-Dec-2019 01:39:02 America/New_York] PHP Deprecated:  Function AMQPQueue::declare() is deprecated in /var/www/sample/rabbitMQLib.inc on line 215
[18-Dec-2019 01:39:10 America/New_York] PHP Deprecated:  Function AMQPQueue::declare() is deprecated in /var/www/sample/rabbitMQLib.inc on line 215
[18-Dec-2019 01:40:39 America/New_York] PHP Deprecated:  Function AMQPQueue::declare() is deprecated in /var/www/sample/rabbitMQLib.inc on line 215
[18-Dec-2019 01:41:01 America/New_York] PHP Deprecated:  Function AMQPQueue::declare() is deprecated in /var/www/sample/rabbitMQLib.inc on line 215
[18-Dec-2019 01:41:08 America/New_York] PHP Deprecated:  Function AMQPQueue::declare() is deprecated in /var/www/sample/rabbitMQLib.inc on line 215
[18-Dec-2019 01:43:33 America/New_York] PHP Deprecated:  Function AMQPQueue::declare() is deprecated in /var/www/sample/rabbitMQLib.inc on line 215
[18-Dec-2019 01:43:50 America/New_York] PHP Deprecated:  Function AMQPQueue::declare() is deprecated in /var/www/sample/rabbitMQLib.inc on line 215
[18-Dec-2019 01:43:56 America/New_York] PHP Deprecated:  Function AMQPQueue::declare() is deprecated in /var/www/sample/rabbitMQLib.inc on line 215
[18-Dec-2019 01:52:01 America/New_York] PHP Deprecated:  Function AMQPQueue::declare() is deprecated in /var/www/sample/rabbitMQLib.inc on line 215
[18-Dec-2019 01:52:07 America/New_York] PHP Deprecated:  Function AMQPQueue::declare() is deprecated in /var/www/sample/rabbitMQLib.inc on line 215
[18-Dec-2019 01:52:32 America/New_York] PHP Deprecated:  Function AMQPQueue::declare() is deprecated in /var/www/sample/rabbitMQLib.inc on line 215
[18-Dec-2019 01:52:39 America/New_York] PHP Deprecated:  Function AMQPQueue::declare() is deprecated in /var/www/sample/rabbitMQLib.inc on line 215
[18-Dec-2019 02:01:12 America/New_York] PHP Deprecated:  Function AMQPQueue::declare() is deprecated in /var/www/sample/rabbitMQLib.inc on line 215
[18-Dec-2019 02:01:34 America/New_York] PHP Deprecated:  Function AMQPQueue::declare() is deprecated in /var/www/sample/rabbitMQLib.inc on line 215
[18-Dec-2019 02:01:41 America/New_York] PHP Deprecated:  Function AMQPQueue::declare() is deprecated in /var/www/sample/rabbitMQLib.inc on line 215
[18-Dec-2019 02:03:42 America/New_York] PHP Deprecated:  Function AMQPQueue::declare() is deprecated in /var/www/sample/rabbitMQLib.inc on line 215
[18-Dec-2019 02:04:00 America/New_York] PHP Deprecated:  Function AMQPQueue::declare() is deprecated in /var/www/sample/rabbitMQLib.inc on line 215
[18-Dec-2019 02:04:11 America/New_York] PHP Deprecated:  Function AMQPQueue::declare() is deprecated in /var/www/sample/rabbitMQLib.inc on line 215
[18-Dec-2019 02:10:11 America/New_York] PHP Deprecated:  Function AMQPQueue::declare() is deprecated in /var/www/sample/rabbitMQLib.inc on line 215
[18-Dec-2019 02:10:30 America/New_York] PHP Deprecated:  Function AMQPQueue::declare() is deprecated in /var/www/sample/rabbitMQLib.inc on line 215
[18-Dec-2019 02:10:40 America/New_York] PHP Deprecated:  Function AMQPQueue::declare() is deprecated in /var/www/sample/rabbitMQLib.inc on line 215
[18-Dec-2019 02:13:20 America/New_York] PHP Deprecated:  Function AMQPQueue::declare() is deprecated in /var/www/sample/rabbitMQLib.inc on line 215
[18-Dec-2019 02:13:41 America/New_York] PHP Deprecated:  Function AMQPQueue::declare() is deprecated in /var/www/sample/rabbitMQLib.inc on line 215
[18-Dec-2019 02:13:56 America/New_York] PHP Deprecated:  Function AMQPQueue::declare() is deprecated in /var/www/sample/rabbitMQLib.inc on line 215
[18-Dec-2019 02:14:06 America/New_York] PHP Deprecated:  Function AMQPQueue::declare() is deprecated in /var/www/sample/rabbitMQLib.inc on line 215
[18-Dec-2019 02:18:23 America/New_York] PHP Deprecated:  Function AMQPQueue::declare() is deprecated in /var/www/sample/rabbitMQLib.inc on line 215
[18-Dec-2019 02:18:46 America/New_York] PHP Deprecated:  Function AMQPQueue::declare() is deprecated in /var/www/sample/rabbitMQLib.inc on line 215
[18-Dec-2019 02:18:57 America/New_York] PHP Deprecated:  Function AMQPQueue::declare() is deprecated in /var/www/sample/rabbitMQLib.inc on line 215
[18-Dec-2019 02:24:45 America/New_York] PHP Deprecated:  Function AMQPQueue::declare() is deprecated in /var/www/sample/rabbitMQLib.inc on line 215
[18-Dec-2019 02:25:33 America/New_York] PHP Deprecated:  Function AMQPQueue::declare() is deprecated in /var/www/sample/rabbitMQLib.inc on line 215
[18-Dec-2019 02:25:52 America/New_York] PHP Deprecated:  Function AMQPQueue::declare() is deprecated in /var/www/sample/rabbitMQLib.inc on line 215
[18-Dec-2019 02:28:11 America/New_York] PHP Deprecated:  Function AMQPQueue::declare() is deprecated in /var/www/sample/rabbitMQLib.inc on line 215
[18-Dec-2019 02:28:30 America/New_York] PHP Deprecated:  Function AMQPQueue::declare() is deprecated in /var/www/sample/rabbitMQLib.inc on line 215
[18-Dec-2019 02:28:53 America/New_York] PHP Deprecated:  Function AMQPQueue::declare() is deprecated in /var/www/sample/rabbitMQLib.inc on line 215
[18-Dec-2019 02:28:57 America/New_York] PHP Notice:  Array to string conversion in /var/www/sample/recipeModified.php on line 66
[18-Dec-2019 02:30:53 America/New_York] PHP Deprecated:  Function AMQPQueue::declare() is deprecated in /var/www/sample/rabbitMQLib.inc on line 215
[18-Dec-2019 02:31:11 America/New_York] PHP Deprecated:  Function AMQPQueue::declare() is deprecated in /var/www/sample/rabbitMQLib.inc on line 215
[18-Dec-2019 02:31:23 America/New_York] PHP Deprecated:  Function AMQPQueue::declare() is deprecated in /var/www/sample/rabbitMQLib.inc on line 215
[18-Dec-2019 02:33:45 America/New_York] PHP Deprecated:  Function AMQPQueue::declare() is deprecated in /var/www/sample/rabbitMQLib.inc on line 215
[18-Dec-2019 02:34:05 America/New_York] PHP Deprecated:  Function AMQPQueue::declare() is deprecated in /var/www/sample/rabbitMQLib.inc on line 215
[18-Dec-2019 02:34:14 America/New_York] PHP Deprecated:  Function AMQPQueue::declare() is deprecated in /var/www/sample/rabbitMQLib.inc on line 215
[18-Dec-2019 02:35:48 America/New_York] PHP Deprecated:  Function AMQPQueue::declare() is deprecated in /var/www/sample/rabbitMQLib.inc on line 215
[18-Dec-2019 02:36:08 America/New_York] PHP Deprecated:  Function AMQPQueue::declare() is deprecated in /var/www/sample/rabbitMQLib.inc on line 215
[18-Dec-2019 02:36:17 America/New_York] PHP Deprecated:  Function AMQPQueue::declare() is deprecated in /var/www/sample/rabbitMQLib.inc on line 215
[18-Dec-2019 02:37:34 America/New_York] PHP Deprecated:  Function AMQPQueue::declare() is deprecated in /var/www/sample/rabbitMQLib.inc on line 215
[18-Dec-2019 02:37:54 America/New_York] PHP Deprecated:  Function AMQPQueue::declare() is deprecated in /var/www/sample/rabbitMQLib.inc on line 215
[18-Dec-2019 02:38:00 America/New_York] PHP Deprecated:  Function AMQPQueue::declare() is deprecated in /var/www/sample/rabbitMQLib.inc on line 215
[18-Dec-2019 02:44:02 America/New_York] PHP Deprecated:  Function AMQPQueue::declare() is deprecated in /var/www/sample/rabbitMQLib.inc on line 215
[18-Dec-2019 02:44:39 America/New_York] PHP Deprecated:  Function AMQPQueue::declare() is deprecated in /var/www/sample/rabbitMQLib.inc on line 215
[18-Dec-2019 02:44:46 America/New_York] PHP Deprecated:  Function AMQPQueue::declare() is deprecated in /var/www/sample/rabbitMQLib.inc on line 215
[18-Dec-2019 02:50:26 America/New_York] PHP Deprecated:  Function AMQPQueue::declare() is deprecated in /var/www/sample/rabbitMQLib.inc on line 215
[18-Dec-2019 02:50:45 America/New_York] PHP Deprecated:  Function AMQPQueue::declare() is deprecated in /var/www/sample/rabbitMQLib.inc on line 215
[18-Dec-2019 02:50:52 America/New_York] PHP Deprecated:  Function AMQPQueue::declare() is deprecated in /var/www/sample/rabbitMQLib.inc on line 215
[18-Dec-2019 02:55:03 America/New_York] PHP Deprecated:  Function AMQPQueue::declare() is deprecated in /var/www/sample/rabbitMQLib.inc on line 215
[18-Dec-2019 02:55:27 America/New_York] PHP Deprecated:  Function AMQPQueue::declare() is deprecated in /var/www/sample/rabbitMQLib.inc on line 215
[18-Dec-2019 02:55:40 America/New_York] PHP Deprecated:  Function AMQPQueue::declare() is deprecated in /var/www/sample/rabbitMQLib.inc on line 215
[18-Dec-2019 02:55:44 America/New_York] PHP Notice:  Undefined variable: recipe in /var/www/sample/recipeModified.php on line 67
[18-Dec-2019 02:57:12 America/New_York] PHP Deprecated:  Function AMQPQueue::declare() is deprecated in /var/www/sample/rabbitMQLib.inc on line 215
[18-Dec-2019 02:57:29 America/New_York] PHP Deprecated:  Function AMQPQueue::declare() is deprecated in /var/www/sample/rabbitMQLib.inc on line 215
[18-Dec-2019 02:57:38 America/New_York] PHP Deprecated:  Function AMQPQueue::declare() is deprecated in /var/www/sample/rabbitMQLib.inc on line 215
[18-Dec-2019 02:57:42 America/New_York] PHP Notice:  Undefined variable: recipe in /var/www/sample/recipeModified.php on line 67
[18-Dec-2019 02:59:13 America/New_York] PHP Deprecated:  Function AMQPQueue::declare() is deprecated in /var/www/sample/rabbitMQLib.inc on line 215
[18-Dec-2019 02:59:30 America/New_York] PHP Deprecated:  Function AMQPQueue::declare() is deprecated in /var/www/sample/rabbitMQLib.inc on line 215
[18-Dec-2019 02:59:39 America/New_York] PHP Deprecated:  Function AMQPQueue::declare() is deprecated in /var/www/sample/rabbitMQLib.inc on line 215
[18-Dec-2019 03:02:08 America/New_York] PHP Deprecated:  Function AMQPQueue::declare() is deprecated in /var/www/sample/rabbitMQLib.inc on line 215
[18-Dec-2019 03:02:25 America/New_York] PHP Deprecated:  Function AMQPQueue::declare() is deprecated in /var/www/sample/rabbitMQLib.inc on line 215
[18-Dec-2019 03:02:32 America/New_York] PHP Deprecated:  Function AMQPQueue::declare() is deprecated in /var/www/sample/rabbitMQLib.inc on line 215
[18-Dec-2019 03:09:23 America/New_York] PHP Deprecated:  Function AMQPQueue::declare() is deprecated in /var/www/sample/rabbitMQLib.inc on line 215
[18-Dec-2019 03:09:40 America/New_York] PHP Deprecated:  Function AMQPQueue::declare() is deprecated in /var/www/sample/rabbitMQLib.inc on line 215
[18-Dec-2019 03:09:46 America/New_York] PHP Deprecated:  Function AMQPQueue::declare() is deprecated in /var/www/sample/rabbitMQLib.inc on line 215
[18-Dec-2019 03:13:29 America/New_York] PHP Deprecated:  Function AMQPQueue::declare() is deprecated in /var/www/sample/rabbitMQLib.inc on line 215
[18-Dec-2019 03:13:51 America/New_York] PHP Deprecated:  Function AMQPQueue::declare() is deprecated in /var/www/sample/rabbitMQLib.inc on line 215
[18-Dec-2019 03:13:59 America/New_York] PHP Deprecated:  Function AMQPQueue::declare() is deprecated in /var/www/sample/rabbitMQLib.inc on line 215
[18-Dec-2019 03:14:03 America/New_York] PHP Warning:  Cannot modify header information - headers already sent by (output started at /var/www/sample/modifiedRecipeBackend.php:37) in /var/www/sample/modifiedRecipeBackend.php on line 49
[18-Dec-2019 03:22:33 America/New_York] PHP Deprecated:  Function AMQPQueue::declare() is deprecated in /var/www/sample/rabbitMQLib.inc on line 215
[18-Dec-2019 03:22:53 America/New_York] PHP Deprecated:  Function AMQPQueue::declare() is deprecated in /var/www/sample/rabbitMQLib.inc on line 215
[18-Dec-2019 03:23:04 America/New_York] PHP Deprecated:  Function AMQPQueue::declare() is deprecated in /var/www/sample/rabbitMQLib.inc on line 215
[18-Dec-2019 03:27:02 America/New_York] PHP Deprecated:  Function AMQPQueue::declare() is deprecated in /var/www/sample/rabbitMQLib.inc on line 215
[18-Dec-2019 03:27:19 America/New_York] PHP Deprecated:  Function AMQPQueue::declare() is deprecated in /var/www/sample/rabbitMQLib.inc on line 215
[18-Dec-2019 03:27:28 America/New_York] PHP Deprecated:  Function AMQPQueue::declare() is deprecated in /var/www/sample/rabbitMQLib.inc on line 215
[18-Dec-2019 03:28:28 America/New_York] PHP Deprecated:  Function AMQPQueue::declare() is deprecated in /var/www/sample/rabbitMQLib.inc on line 215
[18-Dec-2019 03:28:37 America/New_York] PHP Deprecated:  Function AMQPQueue::declare() is deprecated in /var/www/sample/rabbitMQLib.inc on line 215
[18-Dec-2019 03:28:59 America/New_York] PHP Deprecated:  Function AMQPQueue::declare() is deprecated in /var/www/sample/rabbitMQLib.inc on line 215
[18-Dec-2019 03:29:15 America/New_York] PHP Notice:  Undefined offset: 1 in /var/www/sample/modifiedRecipeBackend.php on line 14
[18-Dec-2019 03:29:15 America/New_York] PHP Deprecated:  Function AMQPQueue::declare() is deprecated in /var/www/sample/rabbitMQLib.inc on line 215
[18-Dec-2019 14:23:56 America/New_York] PHP Deprecated:  Function AMQPQueue::declare() is deprecated in /var/www/sample/rabbitMQLib.inc on line 215
[18-Dec-2019 14:24:18 America/New_York] PHP Deprecated:  Function AMQPQueue::declare() is deprecated in /var/www/sample/rabbitMQLib.inc on line 215
[18-Dec-2019 14:24:59 America/New_York] PHP Deprecated:  Function AMQPQueue::declare() is deprecated in /var/www/sample/rabbitMQLib.inc on line 215
[18-Dec-2019 14:27:37 America/New_York] PHP Deprecated:  Function AMQPQueue::declare() is deprecated in /var/www/sample/rabbitMQLib.inc on line 215
[18-Dec-2019 14:28:04 America/New_York] PHP Deprecated:  Function AMQPQueue::declare() is deprecated in /var/www/sample/rabbitMQLib.inc on line 215
[18-Dec-2019 14:36:43 America/New_York] PHP Deprecated:  Function AMQPQueue::declare() is deprecated in /var/www/sample/rabbitMQLib.inc on line 215
[18-Dec-2019 14:37:37 America/New_York] PHP Deprecated:  Function AMQPQueue::declare() is deprecated in /var/www/sample/rabbitMQLib.inc on line 215
[18-Dec-2019 14:54:07 America/New_York] PHP Deprecated:  Function AMQPQueue::declare() is deprecated in /var/www/sample/rabbitMQLib.inc on line 215
[18-Dec-2019 14:54:52 America/New_York] PHP Deprecated:  Function AMQPQueue::declare() is deprecated in /var/www/sample/rabbitMQLib.inc on line 215
[18-Dec-2019 14:55:25 America/New_York] PHP Deprecated:  Function AMQPQueue::declare() is deprecated in /var/www/sample/rabbitMQLib.inc on line 215
[18-Dec-2019 14:55:58 America/New_York] PHP Deprecated:  Function AMQPQueue::declare() is deprecated in /var/www/sample/rabbitMQLib.inc on line 215
[18-Dec-2019 14:56:25 America/New_York] PHP Deprecated:  Function AMQPQueue::declare() is deprecated in /var/www/sample/rabbitMQLib.inc on line 215
[18-Dec-2019 14:56:56 America/New_York] PHP Deprecated:  Function AMQPQueue::declare() is deprecated in /var/www/sample/rabbitMQLib.inc on line 215
[18-Dec-2019 14:57:13 America/New_York] PHP Deprecated:  Function AMQPQueue::declare() is deprecated in /var/www/sample/rabbitMQLib.inc on line 215
[18-Dec-2019 14:57:39 America/New_York] PHP Deprecated:  Function AMQPQueue::declare() is deprecated in /var/www/sample/rabbitMQLib.inc on line 215
[18-Dec-2019 15:01:12 America/New_York] PHP Warning:  session_destroy(): Trying to destroy uninitialized session in /var/www/sample/logout.php on line 95
[18-Dec-2019 15:01:41 America/New_York] PHP Deprecated:  Function AMQPQueue::declare() is deprecated in /var/www/sample/rabbitMQLib.inc on line 215
[18-Dec-2019 15:02:13 America/New_York] PHP Deprecated:  Function AMQPQueue::declare() is deprecated in /var/www/sample/rabbitMQLib.inc on line 215
[18-Dec-2019 15:06:52 America/New_York] PHP Deprecated:  Function AMQPQueue::declare() is deprecated in /var/www/sample/rabbitMQLib.inc on line 215
[18-Dec-2019 15:07:12 America/New_York] PHP Deprecated:  Function AMQPQueue::declare() is deprecated in /var/www/sample/rabbitMQLib.inc on line 215
[18-Dec-2019 15:07:25 America/New_York] PHP Deprecated:  Function AMQPQueue::declare() is deprecated in /var/www/sample/rabbitMQLib.inc on line 215
[18-Dec-2019 15:07:52 America/New_York] PHP Deprecated:  Function AMQPQueue::declare() is deprecated in /var/www/sample/rabbitMQLib.inc on line 215
[18-Dec-2019 15:12:49 America/New_York] PHP Deprecated:  Function AMQPQueue::declare() is deprecated in /var/www/sample/rabbitMQLib.inc on line 215
[18-Dec-2019 15:13:18 America/New_York] PHP Deprecated:  Function AMQPQueue::declare() is deprecated in /var/www/sample/rabbitMQLib.inc on line 215
[18-Dec-2019 15:15:20 America/New_York] PHP Deprecated:  Function AMQPQueue::declare() is deprecated in /var/www/sample/rabbitMQLib.inc on line 215
[18-Dec-2019 15:16:08 America/New_York] PHP Deprecated:  Function AMQPQueue::declare() is deprecated in /var/www/sample/rabbitMQLib.inc on line 215
[18-Dec-2019 15:17:55 America/New_York] PHP Deprecated:  Function AMQPQueue::declare() is deprecated in /var/www/sample/rabbitMQLib.inc on line 215
[18-Dec-2019 15:18:34 America/New_York] PHP Warning:  session_destroy(): Trying to destroy uninitialized session in /var/www/sample/logout.php on line 95
[18-Dec-2019 15:21:54 America/New_York] PHP Deprecated:  Function AMQPQueue::declare() is deprecated in /var/www/sample/rabbitMQLib.inc on line 215
[18-Dec-2019 15:22:39 America/New_York] PHP Deprecated:  Function AMQPQueue::declare() is deprecated in /var/www/sample/rabbitMQLib.inc on line 215
[18-Dec-2019 15:26:20 America/New_York] PHP Deprecated:  Function AMQPQueue::declare() is deprecated in /var/www/sample/rabbitMQLib.inc on line 215
[18-Dec-2019 15:27:23 America/New_York] PHP Deprecated:  Function AMQPQueue::declare() is deprecated in /var/www/sample/rabbitMQLib.inc on line 215
[18-Dec-2019 15:27:41 America/New_York] PHP Deprecated:  Function AMQPQueue::declare() is deprecated in /var/www/sample/rabbitMQLib.inc on line 215
[18-Dec-2019 15:27:41 America/New_York] PHP Notice:  Array to string conversion in /var/www/sample/modifiedRecipeBackend.php on line 37
[18-Dec-2019 15:27:42 America/New_York] PHP Notice:  Array to string conversion in /var/www/sample/recipeModified.php on line 67
[18-Dec-2019 15:27:42 America/New_York] PHP Notice:  Array to string conversion in /var/www/sample/recipeModified.php on line 67
[18-Dec-2019 15:30:06 America/New_York] PHP Deprecated:  Function AMQPQueue::declare() is deprecated in /var/www/sample/rabbitMQLib.inc on line 215
[18-Dec-2019 15:30:38 America/New_York] PHP Deprecated:  Function AMQPQueue::declare() is deprecated in /var/www/sample/rabbitMQLib.inc on line 215
[18-Dec-2019 15:30:51 America/New_York] PHP Deprecated:  Function AMQPQueue::declare() is deprecated in /var/www/sample/rabbitMQLib.inc on line 215
[18-Dec-2019 15:30:51 America/New_York] PHP Notice:  Array to string conversion in /var/www/sample/modifiedRecipeBackend.php on line 37
[18-Dec-2019 15:30:51 America/New_York] PHP Notice:  Array to string conversion in /var/www/sample/recipeModified.php on line 67
[18-Dec-2019 15:30:51 America/New_York] PHP Notice:  Array to string conversion in /var/www/sample/recipeModified.php on line 67
[18-Dec-2019 15:34:45 America/New_York] PHP Deprecated:  Function AMQPQueue::declare() is deprecated in /var/www/sample/rabbitMQLib.inc on line 215
[18-Dec-2019 15:35:15 America/New_York] PHP Deprecated:  Function AMQPQueue::declare() is deprecated in /var/www/sample/rabbitMQLib.inc on line 215
[18-Dec-2019 15:35:24 America/New_York] PHP Deprecated:  Function AMQPQueue::declare() is deprecated in /var/www/sample/rabbitMQLib.inc on line 215
[18-Dec-2019 15:35:24 America/New_York] PHP Notice:  Array to string conversion in /var/www/sample/modifiedRecipeBackend.php on line 37
[18-Dec-2019 15:35:24 America/New_York] PHP Notice:  Array to string conversion in /var/www/sample/recipeModified.php on line 67
[18-Dec-2019 15:35:24 America/New_York] PHP Notice:  Array to string conversion in /var/www/sample/recipeModified.php on line 67
[18-Dec-2019 15:36:59 America/New_York] PHP Deprecated:  Function AMQPQueue::declare() is deprecated in /var/www/sample/rabbitMQLib.inc on line 215
[18-Dec-2019 15:37:13 America/New_York] PHP Deprecated:  Function AMQPQueue::declare() is deprecated in /var/www/sample/rabbitMQLib.inc on line 215
[18-Dec-2019 15:37:18 America/New_York] PHP Deprecated:  Function AMQPQueue::declare() is deprecated in /var/www/sample/rabbitMQLib.inc on line 215
[18-Dec-2019 15:42:50 America/New_York] PHP Deprecated:  Function AMQPQueue::declare() is deprecated in /var/www/sample/rabbitMQLib.inc on line 215
[18-Dec-2019 15:43:16 America/New_York] PHP Deprecated:  Function AMQPQueue::declare() is deprecated in /var/www/sample/rabbitMQLib.inc on line 215
[18-Dec-2019 15:43:35 America/New_York] PHP Deprecated:  Function AMQPQueue::declare() is deprecated in /var/www/sample/rabbitMQLib.inc on line 215
[18-Dec-2019 15:43:35 America/New_York] PHP Notice:  Array to string conversion in /var/www/sample/modifiedRecipeBackend.php on line 37
[18-Dec-2019 15:43:35 America/New_York] PHP Notice:  Array to string conversion in /var/www/sample/recipeModified.php on line 67
[18-Dec-2019 15:43:36 America/New_York] PHP Notice:  Array to string conversion in /var/www/sample/recipeModified.php on line 67
[18-Dec-2019 15:47:17 America/New_York] PHP Deprecated:  Function AMQPQueue::declare() is deprecated in /var/www/sample/rabbitMQLib.inc on line 215
[18-Dec-2019 15:47:41 America/New_York] PHP Deprecated:  Function AMQPQueue::declare() is deprecated in /var/www/sample/rabbitMQLib.inc on line 215
[18-Dec-2019 15:47:49 America/New_York] PHP Deprecated:  Function AMQPQueue::declare() is deprecated in /var/www/sample/rabbitMQLib.inc on line 215
[18-Dec-2019 15:47:49 America/New_York] PHP Notice:  Array to string conversion in /var/www/sample/modifiedRecipeBackend.php on line 37
[18-Dec-2019 15:47:49 America/New_York] PHP Notice:  Array to string conversion in /var/www/sample/recipeModified.php on line 67
[18-Dec-2019 15:47:49 America/New_York] PHP Notice:  Array to string conversion in /var/www/sample/recipeModified.php on line 67
[18-Dec-2019 15:48:58 America/New_York] PHP Deprecated:  Function AMQPQueue::declare() is deprecated in /var/www/sample/rabbitMQLib.inc on line 215
[18-Dec-2019 15:49:44 America/New_York] PHP Deprecated:  Function AMQPQueue::declare() is deprecated in /var/www/sample/rabbitMQLib.inc on line 215
[18-Dec-2019 15:49:50 America/New_York] PHP Deprecated:  Function AMQPQueue::declare() is deprecated in /var/www/sample/rabbitMQLib.inc on line 215
[18-Dec-2019 16:09:38 America/New_York] PHP Deprecated:  Function AMQPQueue::declare() is deprecated in /var/www/sample/rabbitMQLib.inc on line 215
[18-Dec-2019 16:10:20 America/New_York] PHP Deprecated:  Function AMQPQueue::declare() is deprecated in /var/www/sample/rabbitMQLib.inc on line 215
[18-Dec-2019 16:10:21 America/New_York] PHP Deprecated:  Function AMQPQueue::declare() is deprecated in /var/www/sample/rabbitMQLib.inc on line 215
[18-Dec-2019 16:11:18 America/New_York] PHP Deprecated:  Function AMQPQueue::declare() is deprecated in /var/www/sample/rabbitMQLib.inc on line 215
[18-Dec-2019 16:11:44 America/New_York] PHP Deprecated:  Function AMQPQueue::declare() is deprecated in /var/www/sample/rabbitMQLib.inc on line 215
[18-Dec-2019 16:15:43 America/New_York] PHP Deprecated:  Function AMQPQueue::declare() is deprecated in /var/www/sample/rabbitMQLib.inc on line 215
[18-Dec-2019 16:16:09 America/New_York] PHP Deprecated:  Function AMQPQueue::declare() is deprecated in /var/www/sample/rabbitMQLib.inc on line 215
[18-Dec-2019 16:16:17 America/New_York] PHP Deprecated:  Function AMQPQueue::declare() is deprecated in /var/www/sample/rabbitMQLib.inc on line 215
[18-Dec-2019 16:16:17 America/New_York] PHP Notice:  Array to string conversion in /var/www/sample/modifiedRecipeBackend.php on line 37
[18-Dec-2019 16:16:17 America/New_York] PHP Notice:  Array to string conversion in /var/www/sample/recipeModified.php on line 67
[18-Dec-2019 16:16:17 America/New_York] PHP Notice:  Array to string conversion in /var/www/sample/recipeModified.php on line 67
[18-Dec-2019 16:19:32 America/New_York] PHP Deprecated:  Function AMQPQueue::declare() is deprecated in /var/www/sample/rabbitMQLib.inc on line 215
[18-Dec-2019 16:19:48 America/New_York] PHP Deprecated:  Function AMQPQueue::declare() is deprecated in /var/www/sample/rabbitMQLib.inc on line 215
[18-Dec-2019 16:20:25 America/New_York] PHP Deprecated:  Function AMQPQueue::declare() is deprecated in /var/www/sample/rabbitMQLib.inc on line 215
[18-Dec-2019 16:25:12 America/New_York] PHP Deprecated:  Function AMQPQueue::declare() is deprecated in /var/www/sample/rabbitMQLib.inc on line 215
[18-Dec-2019 16:29:04 America/New_York] PHP Deprecated:  Function AMQPQueue::declare() is deprecated in /var/www/sample/rabbitMQLib.inc on line 215
[18-Dec-2019 16:29:23 America/New_York] PHP Deprecated:  Function AMQPQueue::declare() is deprecated in /var/www/sample/rabbitMQLib.inc on line 215
[18-Dec-2019 16:29:49 America/New_York] PHP Deprecated:  Function AMQPQueue::declare() is deprecated in /var/www/sample/rabbitMQLib.inc on line 215
[18-Dec-2019 16:30:13 America/New_York] PHP Deprecated:  Function AMQPQueue::declare() is deprecated in /var/www/sample/rabbitMQLib.inc on line 215
[18-Dec-2019 16:30:27 America/New_York] PHP Deprecated:  Function AMQPQueue::declare() is deprecated in /var/www/sample/rabbitMQLib.inc on line 215
[18-Dec-2019 16:34:10 America/New_York] PHP Deprecated:  Function AMQPQueue::declare() is deprecated in /var/www/sample/rabbitMQLib.inc on line 215
[18-Dec-2019 16:34:24 America/New_York] PHP Deprecated:  Function AMQPQueue::declare() is deprecated in /var/www/sample/rabbitMQLib.inc on line 215
[18-Dec-2019 16:34:43 America/New_York] PHP Deprecated:  Function AMQPQueue::declare() is deprecated in /var/www/sample/rabbitMQLib.inc on line 215
[18-Dec-2019 16:34:56 America/New_York] PHP Deprecated:  Function AMQPQueue::declare() is deprecated in /var/www/sample/rabbitMQLib.inc on line 215